<?xml version="1.0" encoding="UTF-8"?>
<testsuite name="MainKtTest" tests="1" skipped="0" failures="0" errors="0" timestamp="2021-02-05T16:31:33" hostname="alex-pc" time="0.009">
  <properties/>
  <testcase name="func()" classname="MainKtTest" time="0.009"/>
  <system-out><![CDATA[]]></system-out>
  <system-err><![CDATA[]]></system-err>
</testsuite>
